app/build/intermediates/manifest_merge_blame_file/debug/manifest-merger-blame-debug-report.txt
1<?xml version="1.0" encoding="utf-8"?>
2<manifest xmlns:android="http://schemas.android.com/apk/res/android"
3    package="com.moviedb"
4    android:versionCode="1"
5    android:versionName="1.0" >
6
7    <uses-sdk
8        android:minSdkVersion="21"
8-->src/main/AndroidManifest.xml
9        android:targetSdkVersion="33" />
9-->src/main/AndroidManifest.xml
10
11    <uses-permission android:name="android.permission.ACCESS_NETWORK_STATE" />
11-->src/main/AndroidManifest.xml:6:5-78
11-->src/main/AndroidManifest.xml:6:22-76
12    <uses-permission android:name="android.permission.INTERNET" />
12-->src/main/AndroidManifest.xml:7:5-66
12-->src/main/AndroidManifest.xml:7:22-64
13
14    <application
14-->src/main/AndroidManifest.xml:9:5-31:19
15        android:name="com.moviedb.base.MyApp"
15-->src/main/AndroidManifest.xml:10:9-35
16        android:allowBackup="true"
16-->src/main/AndroidManifest.xml:11:9-35
17        android:appComponentFactory="androidx.core.app.CoreComponentFactory"
17-->[androidx.core:core:1.8.0] AndroidManifest.xml:24:18-86
18        android:dataExtractionRules="@xml/data_extraction_rules"
18-->src/main/AndroidManifest.xml:12:9-65
19        android:debuggable="true"
20        android:fullBackupContent="@xml/backup_rules"
20-->src/main/AndroidManifest.xml:13:9-54
21        android:icon="@mipmap/ic_launcher"
21-->src/main/AndroidManifest.xml:14:9-43
22        android:label="@string/app_name"
22-->src/main/AndroidManifest.xml:15:9-41
23        android:roundIcon="@mipmap/ic_launcher_round"
23-->src/main/AndroidManifest.xml:16:9-54
24        android:supportsRtl="true"
24-->src/main/AndroidManifest.xml:17:9-35
25        android:testOnly="true"
26        android:theme="@style/Theme.MyApplication" >
26-->src/main/AndroidManifest.xml:18:9-51
27        <activity
27-->src/main/AndroidManifest.xml:20:9-30:20
28            android:name="com.moviedb.ui.home.MainActivity"
28-->src/main/AndroidManifest.xml:21:13-49
29            android:exported="true"
29-->src/main/AndroidManifest.xml:22:13-36
30            android:label="@string/app_name"
30-->src/main/AndroidManifest.xml:23:13-45
31            android:theme="@style/Theme.MyApplication" >
31-->src/main/AndroidManifest.xml:24:13-55
32            <intent-filter>
32-->src/main/AndroidManifest.xml:25:13-29:29
33                <action android:name="android.intent.action.MAIN" />
33-->src/main/AndroidManifest.xml:26:17-69
33-->src/main/AndroidManifest.xml:26:25-66
34
35                <category android:name="android.intent.category.LAUNCHER" />
35-->src/main/AndroidManifest.xml:28:17-77
35-->src/main/AndroidManifest.xml:28:27-74
36            </intent-filter>
37        </activity>
38        <activity
38-->[androidx.compose.ui:ui-test-manifest:1.1.0-beta01] AndroidManifest.xml:25:9-27:39
39            android:name="androidx.activity.ComponentActivity"
39-->[androidx.compose.ui:ui-test-manifest:1.1.0-beta01] AndroidManifest.xml:26:13-63
40            android:exported="true" />
40-->[androidx.compose.ui:ui-test-manifest:1.1.0-beta01] AndroidManifest.xml:27:13-36
41        <activity
41-->[androidx.compose.ui:ui-tooling:1.1.0-beta01] AndroidManifest.xml:25:9-27:39
42            android:name="androidx.compose.ui.tooling.PreviewActivity"
42-->[androidx.compose.ui:ui-tooling:1.1.0-beta01] AndroidManifest.xml:26:13-71
43            android:exported="true" />
43-->[androidx.compose.ui:ui-tooling:1.1.0-beta01] AndroidManifest.xml:27:13-36
44
45        <provider
45-->[androidx.profileinstaller:profileinstaller:1.1.0] AndroidManifest.xml:26:9-34:20
46            android:name="androidx.startup.InitializationProvider"
46-->[androidx.profileinstaller:profileinstaller:1.1.0] AndroidManifest.xml:27:13-67
47            android:authorities="com.moviedb.androidx-startup"
47-->[androidx.profileinstaller:profileinstaller:1.1.0] AndroidManifest.xml:28:13-68
48            android:exported="false" >
48-->[androidx.profileinstaller:profileinstaller:1.1.0] AndroidManifest.xml:29:13-37
49            <meta-data
49-->[androidx.profileinstaller:profileinstaller:1.1.0] AndroidManifest.xml:31:13-33:52
50                android:name="androidx.profileinstaller.ProfileInstallerInitializer"
50-->[androidx.profileinstaller:profileinstaller:1.1.0] AndroidManifest.xml:32:17-85
51                android:value="androidx.startup" />
51-->[androidx.profileinstaller:profileinstaller:1.1.0] AndroidManifest.xml:33:17-49
52        </provider>
53
54        <receiver
54-->[androidx.profileinstaller:profileinstaller:1.1.0] AndroidManifest.xml:36:9-45:20
55            android:name="androidx.profileinstaller.ProfileInstallReceiver"
55-->[androidx.profileinstaller:profileinstaller:1.1.0] AndroidManifest.xml:37:13-76
56            android:directBootAware="false"
56-->[androidx.profileinstaller:profileinstaller:1.1.0] AndroidManifest.xml:38:13-44
57            android:enabled="true"
57-->[androidx.profileinstaller:profileinstaller:1.1.0] AndroidManifest.xml:39:13-35
58            android:exported="true"
58-->[androidx.profileinstaller:profileinstaller:1.1.0] AndroidManifest.xml:40:13-36
59            android:permission="android.permission.DUMP" >
59-->[androidx.profileinstaller:profileinstaller:1.1.0] AndroidManifest.xml:41:13-57
60            <intent-filter>
60-->[androidx.profileinstaller:profileinstaller:1.1.0] AndroidManifest.xml:42:13-44:29
61                <action android:name="androidx.profileinstaller.action.INSTALL_PROFILE" />
61-->[androidx.profileinstaller:profileinstaller:1.1.0] AndroidManifest.xml:43:17-91
61-->[androidx.profileinstaller:profileinstaller:1.1.0] AndroidManifest.xml:43:25-88
62            </intent-filter>
63        </receiver>
64    </application>
65
66</manifest>